TN:dsaaa_out
SF:/home/pli/workspace/C/dsaaa/main.c
FN:17,main
FNDA:1,main
FNF:1
FNH:1
BRDA:24,0,0,2
BRDA:24,0,1,1
BRF:2
BRH:2
DA:17,1
DA:19,1
DA:21,1
DA:22,1
DA:24,3
DA:25,2
DA:27,1
DA:28,1
DA:30,1
LF:9
LH:9
end_of_record
TN:dsaaa_out
SF:/home/pli/workspace/C/dsaaa/src/chapter_1_1.c
FN:10,chapt_1_1
FN:30,dochapter1_1
FN:59,selection_problem
FN:104,split_data
FN:135,data_prepare
FN:159,report_header1_1
FN:183,report_data
FN:206,result_validate
FNDA:1,chapt_1_1
FNDA:24,dochapter1_1
FNDA:24,selection_problem
FNDA:537,split_data
FNDA:24,data_prepare
FNDA:2,report_header1_1
FNDA:24,report_data
FNDA:24,result_validate
FNF:8
FNH:8
BRDA:21,0,0,24
BRDA:21,0,1,1
BRDA:67,9999,0,0
BRDA:67,9999,1,24
BRDA:77,9999,0,242
BRDA:77,9999,1,295
BRDA:86,0,0,271
BRDA:86,0,1,24
BRDA:111,9999,0,0
BRDA:111,9999,1,537
BRDA:119,1,0,238894068
BRDA:119,1,1,90809379
BRDA:119,2,2,238893968
BRDA:119,2,3,100
BRDA:121,1,0,271321455
BRDA:121,1,1,90808997
BRDA:121,2,2,271320973
BRDA:121,2,3,482
BRDA:123,0,0,537
BRDA:123,0,1,90808942
BRDA:141,9999,0,0
BRDA:141,9999,1,24
BRDA:145,0,0,0
BRDA:145,0,1,24
BRDA:150,0,0,156667050
BRDA:150,0,1,24
BRDA:212,9999,0,0
BRDA:212,9999,1,24
BRDA:216,1,0,156667050
BRDA:216,1,1,24
BRDA:218,0,0,78333572
BRDA:218,0,1,78333478
BRF:32
BRH:27
DA:10,1
DA:13,1
DA:17,1
DA:18,1
DA:19,1
DA:20,1
DA:21,25
DA:22,24
DA:24,1
DA:25,1
DA:30,24
DA:35,24
DA:36,24
DA:37,24
DA:39,24
DA:40,24
DA:42,24
DA:44,48
DA:45,24
DA:46,24
DA:48,24
DA:50,24
DA:51,24
DA:53,24
DA:54,24
DA:59,24
DA:66,24
DA:67,24
DA:68,24
DA:69,24
DA:72,537
DA:77,537
DA:79,242
DA:80,242
DA:86,295
DA:88,271
DA:89,271
DA:92,24
DA:93,513
DA:94,24
DA:96,24
DA:97,24
DA:104,537
DA:110,537
DA:111,537
DA:112,0
DA:114,537
DA:115,537
DA:116,537
DA:119,329703447
DA:120,238893968
DA:121,362130452
DA:122,271320973
DA:123,90809479
DA:124,537
DA:125,90808942
DA:126,90808942
DA:127,537
DA:129,537
DA:130,537
DA:135,24
DA:140,24
DA:141,24
DA:142,0
DA:144,24
DA:145,24
DA:146,0
DA:148,24
DA:149,24
DA:150,156667074
DA:151,156667050
DA:153,24
DA:154,24
DA:159,2
DA:163,2
DA:164,2
DA:165,2
DA:166,2
DA:167,2
DA:168,2
DA:170,2
DA:171,2
DA:173,2
DA:177,2
DA:178,2
DA:183,24
DA:187,24
DA:188,24
DA:193,24
DA:198,24
DA:200,24
DA:201,24
DA:206,24
DA:211,24
DA:212,24
DA:213,24
DA:215,24
DA:216,156667074
DA:218,156667050
DA:219,78333572
DA:222,24
DA:223,24
LF:102
LH:99
end_of_record
SF:/home/pli/workspace/C/dsaaa/src/chapter_1_4.c
FN:10,chapt_1_4
FN:24,report_header1_4
FN:39,dochapter1_4
FN:62,expand_file
FN:111,find_quoted_file
FN:137,isinclude
FN:162,keyword_valid
FN:185,include_name
FN:231,isvalid_headfile
FN:256,pop_expand_stack
FN:268,print_result
FNDA:1,chapt_1_4
FNDA:2,report_header1_4
FNDA:1,dochapter1_4
FNDA:11700,expand_file
FNDA:11700,find_quoted_file
FNDA:1263649,isinclude
FNDA:611443,keyword_valid
FNDA:12727,include_name
FNDA:12727,isvalid_headfile
FNDA:11700,pop_expand_stack
FNDA:13976,print_result
FNF:11
FNH:11
BRDA:50,0,0,3
BRDA:50,0,1,1
BRDA:72,9999,0,1190
BRDA:72,9999,1,10510
BRDA:81,0,1,1263649
BRDA:81,0,2,10510
BRDA:83,0,0,56
BRDA:83,0,1,1263593
BRDA:87,9999,0,12727
BRDA:87,9999,1,1250922
BRDA:91,9999,1,11697
BRDA:91,9999,2,1030
BRDA:120,0,0,57102
BRDA:120,0,1,1190
BRDA:127,9999,0,10510
BRDA:127,9999,1,46592
BRDA:143,9999,0,0
BRDA:143,9999,1,1263649
BRDA:146,1,0,79364545
BRDA:146,1,1,652206
BRDA:148,0,0,611443
BRDA:148,0,1,78753102
BRDA:151,0,1,598716
BRDA:151,0,2,12727
BRDA:171,0,1,427230
BRDA:171,0,2,611443
BRDA:175,9999,0,12727
BRDA:175,9999,1,598716
BRDA:239,0,0,89892
BRDA:239,0,1,11697
BRDA:241,0,0,1030
BRDA:241,0,1,88862
BRDA:248,0,0,11697
BRDA:248,0,1,1030
BRF:34
BRH:33
DA:10,1
DA:12,1
DA:14,1
DA:15,1
DA:16,1
DA:18,1
DA:19,1
DA:24,2
DA:26,2
DA:28,2
DA:29,2
DA:30,2
DA:31,2
DA:34,2
DA:35,2
DA:39,1
DA:42,1
DA:47,1
DA:49,1
DA:50,4
DA:53,3
DA:54,3
DA:57,1
DA:58,1
DA:62,11700
DA:68,11700
DA:70,11700
DA:71,11700
DA:72,11700
DA:74,1190
DA:76,1190
DA:79,10510
DA:80,10510
DA:81,1274159
DA:83,1263649
DA:84,56
DA:86,1263649
DA:87,1263649
DA:89,12727
DA:90,12727
DA:91,12727
DA:92,11697
DA:94,1263649
DA:95,1263649
DA:98,10510
DA:101,11700
DA:103,11700
DA:106,11700
DA:107,11700
DA:111,11700
DA:116,11700
DA:118,11700
DA:119,11700
DA:120,58292
DA:123,57102
DA:124,57102
DA:125,57102
DA:126,57102
DA:127,57102
DA:128,10510
DA:129,46592
DA:132,11700
DA:133,11700
DA:137,1263649
DA:141,1263649
DA:143,1263649
DA:144,1263649
DA:145,1263649
DA:146,80016751
DA:148,79364545
DA:150,611443
DA:151,611443
DA:152,598716
DA:153,611443
DA:157,1263649
DA:158,1263649
DA:162,611443
DA:167,611443
DA:169,611443
DA:170,611443
DA:171,1038673
DA:172,427230
DA:174,611443
DA:175,611443
DA:176,12727
DA:178,598716
DA:180,611443
DA:181,611443
DA:185,12727
DA:189,12727
DA:191,12727
DA:192,12727
DA:194,12727
DA:195,12727
DA:197,12727
DA:198,12727
DA:200,12727
DA:201,12727
DA:231,12727
DA:235,12727
DA:237,12727
DA:238,12727
DA:239,101589
DA:241,89892
DA:243,1030
DA:244,1030
DA:248,12727
DA:249,11697
DA:251,12727
DA:252,12727
DA:256,11700
DA:258,11700
DA:260,11700
DA:262,11700
DA:263,11700
DA:268,13976
DA:272,13976
DA:274,13976
DA:275,13976
DA:276,13976
DA:277,13976
DA:278,13976
DA:279,13976
DA:281,13976
DA:282,13976
LF:125
LH:125
end_of_record
TN:dsaaa_out
SF:/home/pli/workspace/C/dsaaa/src/error_handle.c
FN:10,error_handle
FNDA:0,error_handle
FNF:1
FNH:0
BRDA:14,0,0,-
BRDA:14,0,1,-
BRF:2
BRH:0
DA:10,0
DA:12,0
DA:14,0
DA:15,0
DA:17,0
DA:18,0
DA:19,0
DA:21,0
LF:8
LH:0
end_of_record
SF:/home/pli/workspace/C/dsaaa/src/stack_trace.c
FN:10,entering_frame
FN:17,leaving_frame
FN:24,print_stack_traces
FNDA:1950287,entering_frame
FNDA:1950287,leaving_frame
FNDA:0,print_stack_traces
FNF:3
FNH:2
BRDA:31,1,0,-
BRDA:31,1,1,-
BRDA:33,0,0,-
BRDA:33,0,1,-
BRF:4
BRH:0
DA:10,1950287
DA:12,1950287
DA:13,1950287
DA:17,1950287
DA:19,1950287
DA:20,1950287
DA:24,0
DA:26,0
DA:27,0
DA:29,0
DA:31,0
DA:33,0
DA:35,0
DA:38,0
DA:39,0
DA:41,0
LF:16
LH:6
end_of_record
SF:/home/pli/workspace/C/dsaaa/src/util.c
FN:10,exchange
FN:24,filepointer_init
FN:35,filepointer_close
FNDA:90809479,exchange
FNDA:1,filepointer_init
FNDA:1,filepointer_close
FNF:3
FNH:3
BRDA:12,0,0,90809479
BRDA:12,0,1,0
BRDA:12,1,2,0
BRDA:12,1,3,90809479
BRDA:14,0,0,100
BRDA:14,0,1,90809379
BRDA:28,9999,0,0
BRDA:28,9999,1,1
BRF:8
BRH:5
DA:10,90809479
DA:12,90809479
DA:14,90809479
DA:15,100
DA:17,90809379
DA:18,90809379
DA:19,90809379
DA:20,90809479
DA:24,1
DA:26,1
DA:27,1
DA:28,1
DA:29,0
DA:31,1
DA:35,1
DA:37,1
DA:39,1
LF:17
LH:16
end_of_record
TN:dsaaa_out
SF:/home/pli/workspace/C/dsaaa/src/timing.c
FN:10,timing_start
FN:18,timing_end
FN:27,timing_cost
FNDA:24,timing_start
FNDA:24,timing_end
FNDA:24,timing_cost
FNF:3
FNH:3
DA:10,24
DA:12,24
DA:14,24
DA:18,24
DA:20,24
DA:21,24
DA:23,24
DA:27,24
DA:31,24
DA:32,24
DA:34,24
LF:11
LH:11
end_of_record
