TN:dsaaa_out
SF:/home/pli/workspace/C/dsaaa/main.c
FN:17,main
FNDA:1,main
FNF:1
FNH:1
BRDA:24,0,0,1
BRDA:24,0,1,1
BRF:2
BRH:2
DA:17,1
DA:19,1
DA:21,1
DA:22,1
DA:24,2
DA:25,1
DA:27,1
DA:28,1
DA:30,1
LF:9
LH:9
end_of_record
TN:dsaaa_out
SF:/home/pli/workspace/C/dsaaa/src/chapter_1_1.c
FN:10,chapt_1_1
FN:30,do_chapter
FN:59,selection_problem
FN:104,split_data
FN:135,data_prepare
FN:159,report_header
FN:183,report_data
FN:206,result_validate
FNDA:1,chapt_1_1
FNDA:24,do_chapter
FNDA:24,selection_problem
FNDA:447,split_data
FNDA:24,data_prepare
FNDA:2,report_header
FNDA:24,report_data
FNDA:24,result_validate
FNF:8
FNH:8
BRDA:21,0,0,24
BRDA:21,0,1,1
BRDA:67,9999,0,0
BRDA:67,9999,1,24
BRDA:77,9999,0,204
BRDA:77,9999,1,243
BRDA:86,0,0,219
BRDA:86,0,1,24
BRDA:111,9999,0,0
BRDA:111,9999,1,447
BRDA:119,1,0,259707542
BRDA:119,1,1,91920914
BRDA:119,2,2,259707480
BRDA:119,2,3,62
BRDA:121,1,0,304757491
BRDA:121,1,1,91920572
BRDA:121,2,2,304757087
BRDA:121,2,3,404
BRDA:123,0,0,447
BRDA:123,0,1,91920529
BRDA:141,9999,0,0
BRDA:141,9999,1,24
BRDA:145,0,0,0
BRDA:145,0,1,24
BRDA:150,0,0,156667050
BRDA:150,0,1,24
BRDA:212,9999,0,0
BRDA:212,9999,1,24
BRDA:216,1,0,156667050
BRDA:216,1,1,24
BRDA:218,0,0,78333661
BRDA:218,0,1,78333389
BRF:32
BRH:27
DA:10,1
DA:13,1
DA:17,1
DA:18,1
DA:19,1
DA:20,1
DA:21,25
DA:22,24
DA:24,1
DA:25,1
DA:30,24
DA:35,24
DA:36,24
DA:37,24
DA:39,24
DA:40,24
DA:42,24
DA:44,48
DA:45,24
DA:46,24
DA:48,24
DA:50,24
DA:51,24
DA:53,24
DA:54,24
DA:59,24
DA:66,24
DA:67,24
DA:68,24
DA:69,24
DA:72,447
DA:77,447
DA:79,204
DA:80,204
DA:86,243
DA:88,219
DA:89,219
DA:92,24
DA:93,423
DA:94,24
DA:96,24
DA:97,24
DA:104,447
DA:110,447
DA:111,447
DA:112,0
DA:114,447
DA:115,447
DA:116,447
DA:119,351628456
DA:120,259707480
DA:121,396678063
DA:122,304757087
DA:123,91920976
DA:124,447
DA:125,91920529
DA:126,91920529
DA:127,447
DA:129,447
DA:130,447
DA:135,24
DA:140,24
DA:141,24
DA:142,0
DA:144,24
DA:145,24
DA:146,0
DA:148,24
DA:149,24
DA:150,156667074
DA:151,156667050
DA:153,24
DA:154,24
DA:159,2
DA:163,2
DA:164,2
DA:165,2
DA:166,2
DA:167,2
DA:168,2
DA:170,2
DA:171,2
DA:173,2
DA:177,2
DA:178,2
DA:183,24
DA:187,24
DA:188,24
DA:193,24
DA:198,24
DA:200,24
DA:201,24
DA:206,24
DA:211,24
DA:212,24
DA:213,24
DA:215,24
DA:216,156667074
DA:218,156667050
DA:219,78333661
DA:222,24
DA:223,24
LF:102
LH:99
end_of_record
TN:dsaaa_out
SF:/home/pli/workspace/C/dsaaa/src/error_handle.c
FN:10,error_handle
FNDA:0,error_handle
FNF:1
FNH:0
BRDA:14,0,0,-
BRDA:14,0,1,-
BRF:2
BRH:0
DA:10,0
DA:12,0
DA:14,0
DA:15,0
DA:17,0
DA:18,0
DA:19,0
DA:21,0
LF:8
LH:0
end_of_record
SF:/home/pli/workspace/C/dsaaa/src/stack_trace.c
FN:10,entering_frame
FN:17,leaving_frame
FN:24,print_stack_traces
FNDA:571,entering_frame
FNDA:571,leaving_frame
FNDA:0,print_stack_traces
FNF:3
FNH:2
BRDA:31,1,0,-
BRDA:31,1,1,-
BRDA:33,0,0,-
BRDA:33,0,1,-
BRF:4
BRH:0
DA:10,571
DA:12,571
DA:13,571
DA:17,571
DA:19,571
DA:20,571
DA:24,0
DA:26,0
DA:27,0
DA:29,0
DA:31,0
DA:33,0
DA:35,0
DA:38,0
DA:39,0
DA:41,0
LF:16
LH:6
end_of_record
SF:/home/pli/workspace/C/dsaaa/src/util.c
FN:10,exchange
FN:24,filepointer_init
FN:35,filepointer_close
FNDA:91920976,exchange
FNDA:1,filepointer_init
FNDA:1,filepointer_close
FNF:3
FNH:3
BRDA:12,0,0,91920976
BRDA:12,0,1,0
BRDA:12,1,2,0
BRDA:12,1,3,91920976
BRDA:14,0,0,62
BRDA:14,0,1,91920914
BRDA:28,9999,0,0
BRDA:28,9999,1,1
BRF:8
BRH:5
DA:10,91920976
DA:12,91920976
DA:14,91920976
DA:15,62
DA:17,91920914
DA:18,91920914
DA:19,91920914
DA:20,91920976
DA:24,1
DA:26,1
DA:27,1
DA:28,1
DA:29,0
DA:31,1
DA:35,1
DA:37,1
DA:39,1
LF:17
LH:16
end_of_record
TN:dsaaa_out
SF:/home/pli/workspace/C/dsaaa/src/timing.c
FN:10,timing_start
FN:18,timing_end
FN:27,timing_cost
FNDA:24,timing_start
FNDA:24,timing_end
FNDA:24,timing_cost
FNF:3
FNH:3
DA:10,24
DA:12,24
DA:14,24
DA:18,24
DA:20,24
DA:21,24
DA:23,24
DA:27,24
DA:31,24
DA:32,24
DA:34,24
LF:11
LH:11
end_of_record
