TN:dsaaa_out
SF:/home/pli/workspace/C/dsaaa/src/chapter_1_1.c
FN:10,chapt_1_1
FN:33,print_algo_info
FN:48,dochapt_1_1
FN:78,selection_problem
FN:124,selection_split
FN:155,selection_data_prepare
FN:179,selection_data
FN:202,selection_validate
FNDA:0,chapt_1_1
FNDA:0,print_algo_info
FNDA:0,dochapt_1_1
FNDA:0,selection_problem
FNDA:0,selection_split
FNDA:0,selection_data_prepare
FNDA:0,selection_data
FNDA:0,selection_validate
FNF:8
FNH:0
BRDA:24,0,0,-
BRDA:24,0,1,-
BRDA:86,9999,0,-
BRDA:86,9999,1,-
BRDA:96,9999,0,-
BRDA:96,9999,1,-
BRDA:105,0,0,-
BRDA:105,0,1,-
BRDA:131,9999,0,-
BRDA:131,9999,1,-
BRDA:139,1,0,-
BRDA:139,1,1,-
BRDA:139,2,2,-
BRDA:139,2,3,-
BRDA:141,1,0,-
BRDA:141,1,1,-
BRDA:141,2,2,-
BRDA:141,2,3,-
BRDA:143,0,0,-
BRDA:143,0,1,-
BRDA:161,9999,0,-
BRDA:161,9999,1,-
BRDA:165,0,0,-
BRDA:165,0,1,-
BRDA:170,0,0,-
BRDA:170,0,1,-
BRDA:208,9999,0,-
BRDA:208,9999,1,-
BRDA:212,1,0,-
BRDA:212,1,1,-
BRDA:214,0,0,-
BRDA:214,0,1,-
BRF:32
BRH:0
DA:10,0
DA:13,0
DA:16,0
DA:18,0
DA:19,0
DA:20,0
DA:21,0
DA:23,0
DA:24,0
DA:25,0
DA:27,0
DA:28,0
DA:33,0
DA:35,0
DA:37,0
DA:38,0
DA:42,0
DA:43,0
DA:48,0
DA:53,0
DA:54,0
DA:55,0
DA:57,0
DA:58,0
DA:60,0
DA:62,0
DA:63,0
DA:64,0
DA:67,0
DA:69,0
DA:70,0
DA:72,0
DA:73,0
DA:78,0
DA:85,0
DA:86,0
DA:87,0
DA:88,0
DA:91,0
DA:96,0
DA:98,0
DA:99,0
DA:105,0
DA:107,0
DA:108,0
DA:111,0
DA:112,0
DA:113,0
DA:115,0
DA:116,0
DA:124,0
DA:130,0
DA:131,0
DA:132,0
DA:134,0
DA:135,0
DA:136,0
DA:139,0
DA:140,0
DA:141,0
DA:142,0
DA:143,0
DA:144,0
DA:145,0
DA:146,0
DA:147,0
DA:149,0
DA:150,0
DA:155,0
DA:160,0
DA:161,0
DA:162,0
DA:164,0
DA:165,0
DA:166,0
DA:168,0
DA:169,0
DA:170,0
DA:171,0
DA:173,0
DA:174,0
DA:179,0
DA:183,0
DA:184,0
DA:189,0
DA:194,0
DA:196,0
DA:197,0
DA:202,0
DA:207,0
DA:208,0
DA:209,0
DA:211,0
DA:212,0
DA:214,0
DA:215,0
DA:218,0
DA:219,0
LF:98
LH:0
end_of_record
SF:/home/pli/workspace/C/dsaaa/src/chapter_1_4.c
FN:10,chapt_1_4
FN:24,dochapt_1_4
FN:48,expand_file
FN:97,open_included_file
FN:123,include_line
FN:148,isvalid_include
FN:171,include_filename
FN:192,expand_file_filter
FN:255,expand_report
FNDA:0,chapt_1_4
FNDA:0,dochapt_1_4
FNDA:0,expand_file
FNDA:0,open_included_file
FNDA:0,include_line
FNDA:0,isvalid_include
FNDA:0,include_filename
FNDA:0,expand_file_filter
FNDA:0,expand_report
FNF:9
FNH:0
BRDA:36,0,0,-
BRDA:36,0,1,-
BRDA:58,9999,0,-
BRDA:58,9999,1,-
BRDA:67,0,1,-
BRDA:67,0,2,-
BRDA:69,0,0,-
BRDA:69,0,1,-
BRDA:73,9999,0,-
BRDA:73,9999,1,-
BRDA:77,9999,1,-
BRDA:77,9999,2,-
BRDA:106,0,0,-
BRDA:106,0,1,-
BRDA:113,9999,0,-
BRDA:113,9999,1,-
BRDA:129,9999,0,-
BRDA:129,9999,1,-
BRDA:132,1,0,-
BRDA:132,1,1,-
BRDA:134,0,0,-
BRDA:134,0,1,-
BRDA:137,0,1,-
BRDA:137,0,2,-
BRDA:157,0,1,-
BRDA:157,0,2,-
BRDA:161,9999,0,-
BRDA:161,9999,1,-
BRDA:200,0,0,-
BRDA:200,0,1,-
BRDA:203,0,0,-
BRDA:203,0,1,-
BRF:32
BRH:0
DA:10,0
DA:12,0
DA:14,0
DA:15,0
DA:16,0
DA:18,0
DA:19,0
DA:24,0
DA:27,0
DA:33,0
DA:35,0
DA:36,0
DA:39,0
DA:40,0
DA:43,0
DA:44,0
DA:48,0
DA:54,0
DA:56,0
DA:57,0
DA:58,0
DA:60,0
DA:62,0
DA:65,0
DA:66,0
DA:67,0
DA:69,0
DA:70,0
DA:72,0
DA:73,0
DA:75,0
DA:76,0
DA:77,0
DA:78,0
DA:80,0
DA:81,0
DA:84,0
DA:87,0
DA:92,0
DA:93,0
DA:97,0
DA:102,0
DA:104,0
DA:105,0
DA:106,0
DA:109,0
DA:110,0
DA:111,0
DA:112,0
DA:113,0
DA:114,0
DA:115,0
DA:118,0
DA:119,0
DA:123,0
DA:127,0
DA:129,0
DA:130,0
DA:131,0
DA:132,0
DA:134,0
DA:136,0
DA:137,0
DA:138,0
DA:139,0
DA:143,0
DA:144,0
DA:148,0
DA:153,0
DA:155,0
DA:156,0
DA:157,0
DA:158,0
DA:160,0
DA:161,0
DA:162,0
DA:164,0
DA:166,0
DA:167,0
DA:171,0
DA:175,0
DA:177,0
DA:178,0
DA:180,0
DA:181,0
DA:183,0
DA:184,0
DA:186,0
DA:187,0
DA:192,0
DA:196,0
DA:198,0
DA:199,0
DA:200,0
DA:203,0
DA:205,0
DA:206,0
DA:210,0
DA:211,0
DA:255,0
DA:259,0
DA:261,0
DA:262,0
DA:263,0
DA:264,0
DA:265,0
DA:266,0
DA:268,0
DA:269,0
LF:109
LH:0
end_of_record
TN:dsaaa_out
SF:/home/pli/workspace/C/dsaaa/src/timing.c
FN:10,timing_start
FN:20,timing_end
FN:31,timing_cost
FNDA:10,timing_start
FNDA:10,timing_end
FNDA:10,timing_cost
FNF:3
FNH:3
DA:10,10
DA:12,10
DA:13,10
DA:15,10
DA:16,10
DA:20,10
DA:22,10
DA:23,10
DA:24,10
DA:26,10
DA:27,10
DA:31,10
DA:34,10
DA:36,10
DA:37,10
DA:39,10
DA:40,10
LF:17
LH:17
end_of_record
TN:dsaaa_out
SF:/home/pli/workspace/C/dsaaa/main.m
FN:17,main
FNDA:1,main
FNF:1
FNH:1
BRDA:24,0,0,1
BRDA:24,0,1,1
BRF:2
BRH:2
DA:17,1
DA:19,1
DA:20,1
DA:22,1
DA:24,2
DA:25,1
DA:27,1
DA:29,1
DA:30,1
LF:9
LH:9
end_of_record
TN:dsaaa_out
SF:/home/pli/workspace/C/dsaaa/src/error_handle.c
FN:10,error_handle
FNDA:0,error_handle
FNF:1
FNH:0
BRDA:15,9999,0,-
BRDA:15,9999,1,-
BRF:2
BRH:0
DA:10,0
DA:12,0
DA:13,0
DA:15,0
DA:16,0
DA:18,0
DA:19,0
DA:20,0
DA:22,0
DA:23,0
LF:10
LH:0
end_of_record
SF:/home/pli/workspace/C/dsaaa/src/stack_trace.c
FN:10,enter
FN:17,leave
FN:24,print_stack_traces
FNDA:10299,enter
FNDA:10299,leave
FNDA:0,print_stack_traces
FNF:3
FNH:2
BRDA:31,1,0,-
BRDA:31,1,1,-
BRDA:33,0,0,-
BRDA:33,0,1,-
BRF:4
BRH:0
DA:10,10299
DA:12,10299
DA:13,10299
DA:17,10299
DA:19,10299
DA:20,10299
DA:24,0
DA:26,0
DA:27,0
DA:29,0
DA:31,0
DA:33,0
DA:35,0
DA:38,0
DA:39,0
DA:41,0
LF:16
LH:6
end_of_record
SF:/home/pli/workspace/C/dsaaa/src/util.c
FN:10,exchange
FN:24,filepointer_init
FN:35,filepointer_close
FN:43,print_report_header
FN:62,malloc_initial
FN:77,saft_free
FNDA:0,exchange
FNDA:1,filepointer_init
FNDA:1,filepointer_close
FNDA:2,print_report_header
FNDA:0,malloc_initial
FNDA:0,saft_free
FNF:6
FNH:3
BRDA:12,0,0,-
BRDA:12,0,1,-
BRDA:12,1,2,-
BRDA:12,1,3,-
BRDA:14,0,0,-
BRDA:14,0,1,-
BRDA:28,9999,0,0
BRDA:28,9999,1,1
BRDA:67,9999,0,-
BRDA:67,9999,1,-
BRF:10
BRH:1
DA:10,0
DA:12,0
DA:14,0
DA:15,0
DA:17,0
DA:18,0
DA:19,0
DA:20,0
DA:24,1
DA:26,1
DA:27,1
DA:28,1
DA:29,0
DA:31,1
DA:35,1
DA:37,1
DA:39,1
DA:43,2
DA:47,2
DA:49,2
DA:50,2
DA:51,2
DA:52,2
DA:53,2
DA:55,2
DA:57,2
DA:58,2
DA:62,0
DA:64,0
DA:66,0
DA:67,0
DA:68,0
DA:70,0
DA:72,0
DA:73,0
DA:77,0
DA:79,0
DA:81,0
DA:82,0
DA:84,0
DA:85,0
LF:41
LH:18
end_of_record
TN:dsaaa_out
SF:/home/pli/workspace/C/dsaaa/src/chapter_2_11.c
FN:10,chapt_2_11
FN:25,dochapt_2_11
FN:64,specified_contains
FN:91,prepare_raw_data
FN:113,clear_raw_data
FN:124,iscontains
FN:157,print_contains_title
FN:170,print_contains_report
FNDA:0,chapt_2_11
FNDA:0,dochapt_2_11
FNDA:0,specified_contains
FNDA:0,prepare_raw_data
FNDA:0,clear_raw_data
FNDA:0,iscontains
FNDA:0,print_contains_title
FNDA:0,print_contains_report
FNF:8
FNH:0
BRDA:51,0,0,-
BRDA:51,0,1,-
BRDA:78,1,2,-
BRDA:78,1,3,-
BRDA:101,0,0,-
BRDA:101,0,1,-
BRDA:138,0,0,-
BRDA:138,0,1,-
BRDA:140,0,0,-
BRDA:140,0,1,-
BRDA:148,0,0,-
BRDA:148,0,1,-
BRDA:179,9999,0,-
BRDA:179,9999,1,-
BRDA:179,9999,2,-
BRF:15
BRH:0
DA:10,0
DA:12,0
DA:14,0
DA:15,0
DA:17,0
DA:19,0
DA:20,0
DA:25,0
DA:27,0
DA:44,0
DA:46,0
DA:47,0
DA:48,0
DA:50,0
DA:51,0
DA:53,0
DA:54,0
DA:55,0
DA:58,0
DA:59,0
DA:64,0
DA:69,0
DA:71,0
DA:72,0
DA:73,0
DA:74,0
DA:75,0
DA:77,0
DA:78,0
DA:80,0
DA:82,0
DA:83,0
DA:84,0
DA:86,0
DA:87,0
DA:91,0
DA:96,0
DA:98,0
DA:99,0
DA:100,0
DA:101,0
DA:103,0
DA:104,0
DA:105,0
DA:108,0
DA:109,0
DA:113,0
DA:115,0
DA:117,0
DA:119,0
DA:120,0
DA:124,0
DA:130,0
DA:132,0
DA:133,0
DA:134,0
DA:137,0
DA:138,0
DA:139,0
DA:140,0
DA:141,0
DA:144,0
DA:145,0
DA:148,0
DA:149,0
DA:150,0
DA:152,0
DA:153,0
DA:157,0
DA:159,0
DA:161,0
DA:163,0
DA:165,0
DA:166,0
DA:170,0
DA:172,0
DA:177,0
DA:179,0
DA:182,0
DA:183,0
DA:185,0
DA:186,0
DA:188,0
DA:189,0
DA:192,0
DA:194,0
DA:196,0
DA:197,0
LF:88
LH:0
end_of_record
SF:/home/pli/workspace/C/dsaaa/src/chapter_2_12.c
FN:10,chapt_2_12
FN:29,dochapt_2_12
FN:77,print_submin_report
FN:92,print_submin_title
FN:104,print_data_in
FN:141,submin_sequence
FNDA:1,chapt_2_12
FNDA:1,dochapt_2_12
FNDA:20,print_submin_report
FNDA:2,print_submin_title
FNDA:2,print_data_in
FNDA:10240,submin_sequence
FNF:6
FNH:6
BRDA:19,0,0,1
BRDA:19,0,1,1
BRDA:57,0,0,10
BRDA:57,0,1,1
BRDA:62,1,2,10230
BRDA:62,1,3,10
BRDA:116,0,0,32
BRDA:116,0,1,2
BRDA:121,0,0,20
BRDA:121,0,1,2
BRDA:125,0,0,320
BRDA:125,0,1,20
BRDA:154,0,0,163840
BRDA:154,0,1,10240
BRDA:159,0,0,94208
BRDA:159,0,1,69632
BRDA:164,0,0,14336
BRDA:164,0,1,79872
BRDA:171,0,0,39936
BRDA:171,0,1,123904
BRDA:179,0,0,4096
BRDA:179,0,1,6144
BRF:22
BRH:22
DA:10,1
DA:13,1
DA:15,1
DA:16,1
DA:18,1
DA:19,2
DA:21,1
DA:23,1
DA:24,1
DA:29,1
DA:35,1
DA:47,1
DA:49,1
DA:50,1
DA:51,1
DA:52,1
DA:53,1
DA:55,1
DA:56,1
DA:57,11
DA:59,10
DA:61,10
DA:62,10240
DA:64,10
DA:66,10
DA:67,10
DA:68,10
DA:71,1
DA:72,1
DA:77,20
DA:80,20
DA:82,20
DA:83,20
DA:84,20
DA:85,40
DA:87,20
DA:88,20
DA:92,2
DA:94,2
DA:96,2
DA:98,2
DA:99,2
DA:104,2
DA:110,2
DA:112,2
DA:114,2
DA:115,2
DA:116,34
DA:117,32
DA:118,2
DA:120,2
DA:121,22
DA:123,20
DA:124,20
DA:125,340
DA:126,320
DA:128,20
DA:129,20
DA:132,2
DA:135,2
DA:136,2
DA:141,10240
DA:149,10240
DA:151,10240
DA:152,10240
DA:153,10240
DA:154,174080
DA:156,163840
DA:159,163840
DA:163,94208
DA:164,94208
DA:166,14336
DA:167,14336
DA:169,94208
DA:171,163840
DA:173,39936
DA:174,39936
DA:175,39936
DA:179,10240
DA:181,4096
DA:182,4096
DA:185,10240
DA:186,10240
LF:83
LH:83
end_of_record
SF:/home/pli/workspace/C/dsaaa/src/chapter_2_7.c
FN:10,chapt_2_7
FN:30,dochapt_2_7
FN:59,random_sequence
FN:93,expected_init
FN:121,print_random_title
FN:133,print_random_report
FN:147,generate_random
FN:201,repeat_assist_init
FN:232,repeat_assist_clear
FN:255,isrepeated_util
FN:280,isrepeated_used
FN:304,random_swap
FNDA:0,chapt_2_7
FNDA:0,dochapt_2_7
FNDA:0,random_sequence
FNDA:0,expected_init
FNDA:0,print_random_title
FNDA:0,print_random_report
FNDA:0,generate_random
FNDA:0,repeat_assist_init
FNDA:0,repeat_assist_clear
FNDA:0,isrepeated_util
FNDA:0,isrepeated_used
FNDA:0,random_swap
FNF:12
FNH:0
BRDA:21,0,0,-
BRDA:21,0,1,-
BRDA:47,0,0,-
BRDA:47,0,1,-
BRDA:66,9999,0,-
BRDA:66,9999,1,-
BRDA:81,1,1,-
BRDA:81,1,2,-
BRDA:99,9999,0,-
BRDA:99,9999,1,-
BRDA:99,9999,2,-
BRDA:99,9999,3,-
BRDA:158,9999,0,-
BRDA:158,9999,1,-
BRDA:158,9999,2,-
BRDA:163,1,0,-
BRDA:163,1,1,-
BRDA:168,9999,0,-
BRDA:168,9999,1,-
BRDA:168,9999,2,-
BRDA:168,9999,3,-
BRDA:180,0,0,-
BRDA:180,0,1,-
BRDA:208,9999,0,-
BRDA:208,9999,1,-
BRDA:208,9999,2,-
BRDA:208,9999,3,-
BRDA:215,0,0,-
BRDA:215,0,1,-
BRDA:219,1,0,-
BRDA:219,1,1,-
BRDA:236,9999,0,-
BRDA:236,9999,1,-
BRDA:236,9999,2,-
BRDA:236,9999,3,-
BRDA:261,9999,0,-
BRDA:261,9999,1,-
BRDA:266,1,0,-
BRDA:266,1,1,-
BRDA:268,0,0,-
BRDA:268,0,1,-
BRDA:285,9999,0,-
BRDA:285,9999,1,-
BRDA:285,9999,2,-
BRDA:312,0,0,-
BRDA:312,0,1,-
BRF:46
BRH:0
DA:10,0
DA:13,0
DA:15,0
DA:16,0
DA:17,0
DA:18,0
DA:20,0
DA:21,0
DA:22,0
DA:24,0
DA:25,0
DA:30,0
DA:32,0
DA:42,0
DA:44,0
DA:46,0
DA:47,0
DA:49,0
DA:50,0
DA:53,0
DA:54,0
DA:59,0
DA:64,0
DA:66,0
DA:67,0
DA:69,0
DA:70,0
DA:71,0
DA:72,0
DA:73,0
DA:75,0
DA:76,0
DA:79,0
DA:80,0
DA:81,0
DA:82,0
DA:84,0
DA:85,0
DA:86,0
DA:88,0
DA:89,0
DA:93,0
DA:97,0
DA:99,0
DA:102,0
DA:103,0
DA:105,0
DA:106,0
DA:108,0
DA:109,0
DA:111,0
DA:112,0
DA:114,0
DA:116,0
DA:117,0
DA:121,0
DA:123,0
DA:125,0
DA:128,0
DA:129,0
DA:133,0
DA:135,0
DA:137,0
DA:139,0
DA:140,0
DA:142,0
DA:143,0
DA:147,0
DA:153,0
DA:155,0
DA:156,0
DA:158,0
DA:162,0
DA:163,0
DA:167,0
DA:168,0
DA:171,0
DA:172,0
DA:173,0
DA:175,0
DA:176,0
DA:178,0
DA:180,0
DA:181,0
DA:182,0
DA:183,0
DA:185,0
DA:187,0
DA:188,0
DA:190,0
DA:191,0
DA:194,0
DA:196,0
DA:197,0
DA:201,0
DA:205,0
DA:207,0
DA:208,0
DA:211,0
DA:213,0
DA:215,0
DA:216,0
DA:217,0
DA:219,0
DA:220,0
DA:221,0
DA:223,0
DA:224,0
DA:227,0
DA:228,0
DA:232,0
DA:234,0
DA:236,0
DA:239,0
DA:241,0
DA:242,0
DA:244,0
DA:246,0
DA:247,0
DA:250,0
DA:251,0
DA:255,0
DA:259,0
DA:261,0
DA:262,0
DA:264,0
DA:265,0
DA:266,0
DA:268,0
DA:270,0
DA:271,0
DA:275,0
DA:276,0
DA:280,0
DA:283,0
DA:285,0
DA:288,0
DA:289,0
DA:290,0
DA:292,0
DA:293,0
DA:295,0
DA:296,0
DA:299,0
DA:300,0
DA:304,0
DA:308,0
DA:310,0
DA:311,0
DA:312,0
DA:314,0
DA:315,0
DA:318,0
DA:319,0
LF:154
LH:0
end_of_record
