TN:dsaaa_out
SF:/home/pli/workspace/C/dsaaa/src/chapter_1_1.c
FN:10,chapt_1_1
FN:33,print_algo_info
FN:48,dochapt_1_1
FN:78,selection_problem
FN:124,selection_split
FN:155,selection_data_prepare
FN:179,selection_data
FN:202,selection_validate
FNDA:1,chapt_1_1
FNDA:2,print_algo_info
FNDA:20,dochapt_1_1
FNDA:20,selection_problem
FNDA:259,selection_split
FNDA:20,selection_data_prepare
FNDA:20,selection_data
FNDA:20,selection_validate
FNF:8
FNH:8
BRDA:24,0,0,20
BRDA:24,0,1,1
BRDA:86,9999,0,0
BRDA:86,9999,1,20
BRDA:96,9999,0,125
BRDA:96,9999,1,134
BRDA:105,0,0,114
BRDA:105,0,1,20
BRDA:131,9999,0,0
BRDA:131,9999,1,259
BRDA:139,1,0,24163516
BRDA:139,1,1,9801404
BRDA:139,2,2,24163495
BRDA:139,2,3,21
BRDA:141,1,0,41111266
BRDA:141,1,1,9801186
BRDA:141,2,2,41111027
BRDA:141,2,3,239
BRDA:143,0,0,259
BRDA:143,0,1,9801166
BRDA:161,9999,0,0
BRDA:161,9999,1,20
BRDA:165,0,0,0
BRDA:165,0,1,20
BRDA:170,0,0,16667050
BRDA:170,0,1,20
BRDA:208,9999,0,0
BRDA:208,9999,1,20
BRDA:212,1,0,16667050
BRDA:212,1,1,20
BRDA:214,0,0,8333532
BRDA:214,0,1,8333518
BRF:32
BRH:27
DA:10,1
DA:13,1
DA:16,1
DA:18,1
DA:19,1
DA:20,1
DA:21,1
DA:23,1
DA:24,21
DA:25,20
DA:27,1
DA:28,1
DA:33,2
DA:35,2
DA:37,2
DA:38,2
DA:42,2
DA:43,2
DA:48,20
DA:53,20
DA:54,20
DA:55,20
DA:57,20
DA:58,20
DA:60,20
DA:62,40
DA:63,20
DA:64,20
DA:67,20
DA:69,20
DA:70,20
DA:72,20
DA:73,20
DA:78,20
DA:85,20
DA:86,20
DA:87,20
DA:88,20
DA:91,259
DA:96,259
DA:98,125
DA:99,125
DA:105,134
DA:107,114
DA:108,114
DA:111,20
DA:112,239
DA:113,20
DA:115,20
DA:116,20
DA:124,259
DA:130,259
DA:131,259
DA:132,0
DA:134,259
DA:135,259
DA:136,259
DA:139,33964920
DA:140,24163495
DA:141,50912452
DA:142,41111027
DA:143,9801425
DA:144,259
DA:145,9801166
DA:146,9801166
DA:147,259
DA:149,259
DA:150,259
DA:155,20
DA:160,20
DA:161,20
DA:162,0
DA:164,20
DA:165,20
DA:166,0
DA:168,20
DA:169,20
DA:170,16667070
DA:171,16667050
DA:173,20
DA:174,20
DA:179,20
DA:183,20
DA:184,20
DA:189,20
DA:194,20
DA:196,20
DA:197,20
DA:202,20
DA:207,20
DA:208,20
DA:209,20
DA:211,20
DA:212,16667070
DA:214,16667050
DA:215,8333532
DA:218,20
DA:219,20
LF:98
LH:95
end_of_record
SF:/home/pli/workspace/C/dsaaa/src/chapter_1_4.c
FN:10,chapt_1_4
FN:24,dochapt_1_4
FN:48,expand_file
FN:97,open_included_file
FN:123,include_line
FN:148,isvalid_include
FN:171,include_filename
FN:192,expand_file_filter
FN:255,expand_report
FNDA:1,chapt_1_4
FNDA:1,dochapt_1_4
FNDA:14,expand_file
FNDA:14,open_included_file
FNDA:1326,include_line
FNDA:263,isvalid_include
FNDA:54,include_filename
FNDA:54,expand_file_filter
FNDA:295,expand_report
FNF:9
FNH:9
BRDA:36,0,0,4
BRDA:36,0,1,1
BRDA:58,9999,0,0
BRDA:58,9999,1,14
BRDA:67,0,1,1326
BRDA:67,0,2,14
BRDA:69,0,0,237
BRDA:69,0,1,1089
BRDA:73,9999,0,54
BRDA:73,9999,1,1272
BRDA:77,9999,1,10
BRDA:77,9999,2,44
BRDA:106,0,0,28
BRDA:106,0,1,0
BRDA:113,9999,0,14
BRDA:113,9999,1,14
BRDA:129,9999,0,0
BRDA:129,9999,1,1326
BRDA:132,1,0,127835
BRDA:132,1,1,1063
BRDA:134,0,0,263
BRDA:134,0,1,127572
BRDA:137,0,1,209
BRDA:137,0,2,54
BRDA:157,0,1,0
BRDA:157,0,2,263
BRDA:161,9999,0,54
BRDA:161,9999,1,209
BRDA:200,0,0,726
BRDA:200,0,1,10
BRDA:203,0,0,44
BRDA:203,0,1,682
BRF:32
BRH:28
DA:10,1
DA:12,1
DA:14,1
DA:15,1
DA:16,1
DA:18,1
DA:19,1
DA:24,1
DA:27,1
DA:33,1
DA:35,1
DA:36,5
DA:39,4
DA:40,4
DA:43,1
DA:44,1
DA:48,14
DA:54,14
DA:56,14
DA:57,14
DA:58,14
DA:60,0
DA:62,0
DA:65,14
DA:66,14
DA:67,1340
DA:69,1326
DA:70,237
DA:72,1326
DA:73,1326
DA:75,54
DA:76,54
DA:77,54
DA:78,10
DA:80,1326
DA:81,1326
DA:84,14
DA:87,14
DA:92,14
DA:93,14
DA:97,14
DA:102,14
DA:104,14
DA:105,14
DA:106,28
DA:109,28
DA:110,28
DA:111,28
DA:112,28
DA:113,28
DA:114,14
DA:115,14
DA:118,14
DA:119,14
DA:123,1326
DA:127,1326
DA:129,1326
DA:130,1326
DA:131,1326
DA:132,128898
DA:134,127835
DA:136,263
DA:137,263
DA:138,209
DA:139,263
DA:143,1326
DA:144,1326
DA:148,263
DA:153,263
DA:155,263
DA:156,263
DA:157,263
DA:158,0
DA:160,263
DA:161,263
DA:162,54
DA:164,209
DA:166,263
DA:167,263
DA:171,54
DA:175,54
DA:177,54
DA:178,54
DA:180,54
DA:181,54
DA:183,54
DA:184,54
DA:186,54
DA:187,54
DA:192,54
DA:196,54
DA:198,54
DA:199,54
DA:200,736
DA:203,726
DA:205,44
DA:206,44
DA:210,54
DA:211,54
DA:255,295
DA:259,295
DA:261,295
DA:262,295
DA:263,295
DA:264,295
DA:265,295
DA:266,295
DA:268,295
DA:269,295
LF:109
LH:106
end_of_record
TN:dsaaa_out
SF:/home/pli/workspace/C/dsaaa/src/timing.c
FN:10,timing_start
FN:20,timing_end
FN:31,timing_cost
FNDA:191,timing_start
FNDA:191,timing_end
FNDA:191,timing_cost
FNF:3
FNH:3
DA:10,191
DA:12,191
DA:13,191
DA:15,191
DA:16,191
DA:20,191
DA:22,191
DA:23,191
DA:24,191
DA:26,191
DA:27,191
DA:31,191
DA:34,191
DA:36,191
DA:37,191
DA:39,191
DA:40,191
LF:17
LH:17
end_of_record
TN:dsaaa_out
SF:/home/pli/workspace/C/dsaaa/main.m
FN:17,main
FNDA:1,main
FNF:1
FNH:1
BRDA:24,0,0,8
BRDA:24,0,1,1
BRF:2
BRH:2
DA:17,1
DA:19,1
DA:20,1
DA:22,1
DA:24,9
DA:25,8
DA:27,1
DA:29,1
DA:30,1
LF:9
LH:9
end_of_record
TN:dsaaa_out
SF:/home/pli/workspace/C/dsaaa/src/error_handle.c
FN:10,error_handle
FN:27,warn_prompt
FNDA:0,error_handle
FNDA:0,warn_prompt
FNF:2
FNH:0
BRDA:15,9999,0,-
BRDA:15,9999,1,-
BRDA:32,9999,0,-
BRDA:32,9999,1,-
BRF:4
BRH:0
DA:10,0
DA:12,0
DA:13,0
DA:15,0
DA:16,0
DA:18,0
DA:19,0
DA:20,0
DA:22,0
DA:23,0
DA:27,0
DA:29,0
DA:30,0
DA:32,0
DA:33,0
DA:35,0
DA:36,0
DA:38,0
DA:39,0
LF:19
LH:0
end_of_record
SF:/home/pli/workspace/C/dsaaa/src/stack_trace.c
FN:10,enter
FN:17,leave
FN:24,print_stack_traces
FNDA:7307451,enter
FNDA:7307451,leave
FNDA:0,print_stack_traces
FNF:3
FNH:2
BRDA:31,1,0,-
BRDA:31,1,1,-
BRDA:33,0,0,-
BRDA:33,0,1,-
BRF:4
BRH:0
DA:10,7307451
DA:12,7307451
DA:13,7307451
DA:17,7307451
DA:19,7307451
DA:20,7307451
DA:24,0
DA:26,0
DA:27,0
DA:29,0
DA:31,0
DA:33,0
DA:35,0
DA:38,0
DA:39,0
DA:41,0
LF:16
LH:6
end_of_record
SF:/home/pli/workspace/C/dsaaa/src/util.c
FN:10,exchange
FN:24,filepointer_init
FN:35,filepointer_close
FN:43,print_report_header
FN:62,malloc_initial
FN:78,realloc_initial
FN:93,saft_free
FN:105,get_bit_length
FNDA:10081725,exchange
FNDA:1,filepointer_init
FNDA:1,filepointer_close
FNDA:16,print_report_header
FNDA:570976,malloc_initial
FNDA:2,realloc_initial
FNDA:570976,saft_free
FNDA:45000,get_bit_length
FNF:8
FNH:8
BRDA:12,0,0,10081725
BRDA:12,0,1,0
BRDA:12,1,2,0
BRDA:12,1,3,10081725
BRDA:14,0,0,21
BRDA:14,0,1,10081704
BRDA:28,9999,0,0
BRDA:28,9999,1,1
BRDA:67,9999,0,0
BRDA:67,9999,1,570976
BRDA:83,9999,0,0
BRDA:83,9999,1,2
BRDA:110,9999,0,0
BRDA:110,9999,1,45000
BRDA:115,1,0,114000
BRDA:115,1,1,45000
BRF:16
BRH:10
DA:10,10081725
DA:12,10081725
DA:14,10081725
DA:15,21
DA:17,10081704
DA:18,10081704
DA:19,10081704
DA:20,10081704
DA:24,1
DA:26,1
DA:27,1
DA:28,1
DA:29,0
DA:31,1
DA:35,1
DA:37,1
DA:39,1
DA:43,16
DA:47,16
DA:49,16
DA:50,16
DA:51,16
DA:52,16
DA:53,16
DA:55,16
DA:57,16
DA:58,16
DA:62,570976
DA:64,570976
DA:66,570976
DA:67,570976
DA:68,0
DA:70,570976
DA:72,570976
DA:73,570976
DA:78,2
DA:80,2
DA:82,2
DA:83,2
DA:84,0
DA:86,2
DA:88,2
DA:89,2
DA:93,570976
DA:95,570976
DA:97,570976
DA:98,570976
DA:100,570976
DA:101,570976
DA:105,45000
DA:108,45000
DA:110,45000
DA:111,0
DA:113,45000
DA:115,159000
DA:116,114000
DA:118,45000
DA:119,45000
LF:58
LH:54
end_of_record
TN:dsaaa_out
SF:/home/pli/workspace/C/dsaaa/src/chapter_2_11.c
FN:10,chapt_2_11
FN:25,dochapt_2_11
FN:64,specified_contains
FN:91,prepare_raw_data
FN:113,clear_raw_data
FN:124,iscontains
FN:157,print_contains_title
FN:170,print_contains_report
FNDA:1,chapt_2_11
FNDA:1,dochapt_2_11
FNDA:13,specified_contains
FNDA:13,prepare_raw_data
FNDA:13,clear_raw_data
FNDA:130000,iscontains
FNDA:2,print_contains_title
FNDA:26,print_contains_report
FNF:8
FNH:8
BRDA:51,0,0,13
BRDA:51,0,1,1
BRDA:78,1,2,129987
BRDA:78,1,3,13
BRDA:101,0,0,12396117
BRDA:101,0,1,13
BRDA:138,0,0,740000
BRDA:138,0,1,910000
BRDA:140,0,0,880000
BRDA:140,0,1,30000
BRDA:148,0,0,100000
BRDA:148,0,1,1520000
BRDA:179,9999,0,20
BRDA:179,9999,1,6
BRDA:179,9999,2,0
BRF:15
BRH:14
DA:10,1
DA:12,1
DA:14,1
DA:15,1
DA:17,1
DA:19,1
DA:20,1
DA:25,1
DA:27,1
DA:44,1
DA:46,1
DA:47,1
DA:48,1
DA:50,1
DA:51,14
DA:53,13
DA:54,26
DA:55,13
DA:58,1
DA:59,1
DA:64,13
DA:69,13
DA:71,13
DA:72,13
DA:73,13
DA:74,13
DA:75,13
DA:77,13
DA:78,130000
DA:80,13
DA:82,13
DA:83,13
DA:84,13
DA:86,13
DA:87,13
DA:91,13
DA:96,13
DA:98,13
DA:99,13
DA:100,13
DA:101,12396130
DA:103,12396117
DA:104,12396117
DA:105,12396117
DA:108,13
DA:109,13
DA:113,13
DA:115,13
DA:117,13
DA:119,13
DA:120,13
DA:124,130000
DA:130,130000
DA:132,130000
DA:133,130000
DA:134,130000
DA:137,1650000
DA:138,1650000
DA:139,740000
DA:140,910000
DA:141,880000
DA:144,30000
DA:145,30000
DA:148,1620000
DA:149,100000
DA:150,1520000
DA:152,130000
DA:153,130000
DA:157,2
DA:159,2
DA:161,2
DA:163,2
DA:165,2
DA:166,2
DA:170,26
DA:172,26
DA:177,26
DA:179,26
DA:182,20
DA:183,20
DA:185,6
DA:186,6
DA:188,0
DA:189,0
DA:192,26
DA:194,52
DA:196,26
DA:197,26
LF:88
LH:86
end_of_record
SF:/home/pli/workspace/C/dsaaa/src/chapter_2_12.c
FN:10,chapt_2_12
FN:23,dochapt_2_12
FN:66,find_minsub_seq
FN:97,astringent_init
FN:121,print_submin_report
FN:136,print_submin_title
FN:164,print_data_in
FN:200,min_subsequence
FN:259,min_posi_subsequence
FN:307,min_posi_assist
FN:327,max_multi_subsequence
FNDA:1,chapt_2_12
FNDA:1,dochapt_2_12
FNDA:3,find_minsub_seq
FNDA:3,astringent_init
FNDA:60,print_submin_report
FNDA:6,print_submin_title
FNDA:2,print_data_in
FNDA:10240,min_subsequence
FNDA:10240,min_posi_subsequence
FNDA:10240,min_posi_assist
FNDA:10240,max_multi_subsequence
FNF:11
FNH:11
BRDA:52,0,0,3
BRDA:52,0,1,1
BRDA:78,0,0,30
BRDA:78,0,1,3
BRDA:83,1,2,30690
BRDA:83,1,3,30
BRDA:102,9999,0,2
BRDA:102,9999,1,1
BRDA:102,9999,2,0
BRDA:141,9999,0,2
BRDA:141,9999,1,2
BRDA:141,9999,2,2
BRDA:141,9999,3,0
BRDA:176,0,0,20
BRDA:176,0,1,2
BRDA:181,0,0,20
BRDA:181,0,1,2
BRDA:185,0,0,200
BRDA:185,0,1,20
BRDA:213,0,0,102400
BRDA:213,0,1,10240
BRDA:218,0,0,43008
BRDA:218,0,1,59392
BRDA:223,0,0,11264
BRDA:223,0,1,31744
BRDA:230,0,0,45056
BRDA:230,0,1,57344
BRDA:239,0,0,3072
BRDA:239,0,1,7168
BRDA:277,0,0,112640
BRDA:277,0,1,10240
BRDA:280,1,0,563200
BRDA:280,1,1,112640
BRDA:283,0,0,247808
BRDA:283,0,1,315392
BRDA:283,1,2,16384
BRDA:283,1,3,231424
BRDA:295,0,0,2048
BRDA:295,0,1,8192
BRDA:316,0,0,102400
BRDA:316,0,1,10240
BRDA:342,0,0,102400
BRDA:342,0,1,10240
BRDA:346,0,0,36864
BRDA:346,0,1,65536
BRDA:349,0,0,12288
BRDA:349,0,1,24576
BRDA:357,0,0,31744
BRDA:357,0,1,70656
BRDA:366,0,0,3072
BRDA:366,0,1,7168
BRF:51
BRH:49
DA:10,1
DA:12,1
DA:14,1
DA:15,1
DA:16,1
DA:18,1
DA:19,1
DA:23,1
DA:41,1
DA:43,1
DA:44,1
DA:47,1
DA:48,1
DA:50,1
DA:51,1
DA:52,4
DA:55,3
DA:56,3
DA:57,3
DA:58,6
DA:61,1
DA:62,1
DA:66,3
DA:73,3
DA:75,3
DA:76,3
DA:77,3
DA:78,33
DA:80,30
DA:82,30
DA:83,30720
DA:85,30
DA:87,30
DA:88,30
DA:89,30
DA:92,3
DA:93,3
DA:97,3
DA:100,3
DA:102,3
DA:106,2
DA:107,2
DA:109,1
DA:110,1
DA:112,0
DA:113,0
DA:116,3
DA:117,3
DA:121,60
DA:124,60
DA:126,60
DA:127,60
DA:128,60
DA:129,120
DA:131,60
DA:132,60
DA:136,6
DA:139,6
DA:141,6
DA:144,2
DA:145,2
DA:147,2
DA:149,2
DA:151,2
DA:153,2
DA:155,0
DA:156,0
DA:159,6
DA:160,6
DA:164,2
DA:170,2
DA:172,2
DA:174,2
DA:175,2
DA:176,22
DA:177,20
DA:178,2
DA:180,2
DA:181,22
DA:183,20
DA:184,20
DA:185,220
DA:186,200
DA:188,20
DA:189,20
DA:192,2
DA:195,2
DA:196,2
DA:200,10240
DA:208,10240
DA:210,10240
DA:211,10240
DA:212,10240
DA:213,112640
DA:215,102400
DA:218,102400
DA:222,43008
DA:223,43008
DA:225,11264
DA:226,11264
DA:228,43008
DA:230,102400
DA:232,45056
DA:233,45056
DA:234,45056
DA:239,10240
DA:241,3072
DA:242,3072
DA:245,10240
DA:246,10240
DA:259,10240
DA:266,10240
DA:268,10240
DA:269,10240
DA:270,10240
DA:272,10240
DA:273,10240
DA:274,10240
DA:277,122880
DA:279,112640
DA:280,675840
DA:282,563200
DA:283,563200
DA:285,16384
DA:286,16384
DA:287,16384
DA:289,563200
DA:291,112640
DA:295,10240
DA:297,2048
DA:298,2048
DA:300,10240
DA:302,10240
DA:303,10240
DA:307,10240
DA:311,10240
DA:313,10240
DA:314,10240
DA:315,10240
DA:316,112640
DA:318,102400
DA:319,102400
DA:322,10240
DA:323,10240
DA:327,10240
DA:336,10240
DA:338,10240
DA:339,10240
DA:340,10240
DA:341,10240
DA:342,112640
DA:344,102400
DA:345,102400
DA:346,102400
DA:349,36864
DA:351,12288
DA:352,12288
DA:354,36864
DA:355,36864
DA:357,102400
DA:359,31744
DA:360,31744
DA:361,31744
DA:366,10240
DA:368,3072
DA:369,3072
DA:372,10240
DA:373,10240
LF:168
LH:164
end_of_record
SF:/home/pli/workspace/C/dsaaa/src/chapter_2_13.c
FN:10,chapt_2_13
FN:23,dochapt_2_13
FN:60,isprime_number
FN:92,isodd_number
FN:115,print_prime_title
FN:128,print_prime_report
FNDA:1,chapt_2_13
FNDA:1,dochapt_2_13
FNDA:340000,isprime_number
FNDA:340000,isodd_number
FNDA:2,print_prime_title
FNDA:68,print_prime_report
FNF:6
FNH:6
BRDA:39,0,0,34
BRDA:39,0,1,1
BRDA:47,1,2,339966
BRDA:47,1,3,34
BRDA:67,9999,0,0
BRDA:67,9999,1,340000
BRDA:71,9999,0,250000
BRDA:71,9999,1,90000
BRDA:76,1,0,9200000
BRDA:76,1,1,160000
BRDA:78,0,0,90000
BRDA:78,0,1,9110000
BRDA:97,9999,0,0
BRDA:97,9999,1,340000
BRDA:100,0,0,90000
BRDA:100,0,1,250000
BRDA:102,0,0,10000
BRDA:102,0,1,80000
BRDA:134,9999,0,34
BRDA:134,9999,1,34
BRDA:134,9999,2,0
BRF:21
BRH:18
DA:10,1
DA:12,1
DA:14,1
DA:15,1
DA:16,1
DA:18,1
DA:19,1
DA:23,1
DA:28,1
DA:33,1
DA:35,1
DA:36,1
DA:38,1
DA:39,35
DA:42,34
DA:43,34
DA:44,34
DA:46,34
DA:47,340000
DA:49,34
DA:51,34
DA:52,34
DA:55,1
DA:56,1
DA:60,340000
DA:65,340000
DA:67,340000
DA:68,0
DA:70,340000
DA:71,340000
DA:73,250000
DA:74,250000
DA:75,250000
DA:76,9360000
DA:78,9200000
DA:80,90000
DA:81,90000
DA:83,9110000
DA:87,340000
DA:88,340000
DA:92,340000
DA:95,340000
DA:97,340000
DA:98,0
DA:100,340000
DA:102,90000
DA:103,10000
DA:105,90000
DA:108,250000
DA:110,340000
DA:111,340000
DA:115,2
DA:117,2
DA:119,2
DA:120,2
DA:123,2
DA:124,2
DA:128,68
DA:132,68
DA:134,68
DA:137,34
DA:138,34
DA:140,34
DA:141,34
DA:143,0
DA:144,0
DA:146,68
DA:147,68
DA:148,68
DA:149,136
DA:151,68
DA:152,68
LF:72
LH:68
end_of_record
SF:/home/pli/workspace/C/dsaaa/src/chapter_2_16.c
FN:10,chapt_2_16
FN:25,dochapt_2_16
FN:77,cal_mult_counts
FN:108,cal_fast_power
FN:135,update_power_buffer
FN:158,initial_power_buffer
FN:171,filling_power_buffer
FN:196,print_power_title
FN:210,print_power_report
FNDA:1,chapt_2_16
FNDA:1,dochapt_2_16
FNDA:45,cal_mult_counts
FNDA:45000,cal_fast_power
FNDA:45000,update_power_buffer
FNDA:1,initial_power_buffer
FNDA:3,filling_power_buffer
FNDA:2,print_power_title
FNDA:90,print_power_report
FNF:9
FNH:9
BRDA:46,0,0,3
BRDA:46,0,1,1
BRDA:49,1,0,45
BRDA:49,1,1,3
BRDA:56,1,2,44955
BRDA:56,1,3,45
BRDA:84,9999,0,21
BRDA:84,9999,1,24
BRDA:87,0,0,0
BRDA:87,0,1,21
BRDA:93,1,0,159
BRDA:93,1,1,45
BRDA:95,0,0,96
BRDA:95,0,1,63
BRDA:114,9999,0,0
BRDA:114,9999,1,45000
BRDA:121,0,0,159000
BRDA:121,0,1,45000
BRDA:123,0,0,96000
BRDA:123,0,1,63000
BRDA:139,9999,0,0
BRDA:139,9999,1,45000
BRDA:145,0,0,45000
BRDA:145,0,1,0
BRDA:145,1,2,2
BRDA:145,1,3,44998
BRDA:183,0,0,27
BRDA:183,0,1,3
BRF:28
BRH:24
DA:10,1
DA:12,1
DA:14,1
DA:15,1
DA:17,1
DA:19,1
DA:20,1
DA:25,1
DA:31,1
DA:34,1
DA:37,1
DA:39,1
DA:40,1
DA:42,1
DA:43,1
DA:45,1
DA:46,4
DA:48,3
DA:49,48
DA:52,45
DA:53,45
DA:55,45
DA:56,45000
DA:58,45
DA:60,45
DA:62,45
DA:64,45
DA:66,3
DA:69,1
DA:71,1
DA:72,1
DA:77,45
DA:81,45
DA:83,45
DA:84,45
DA:87,21
DA:88,0
DA:90,21
DA:93,204
DA:95,159
DA:96,96
DA:97,159
DA:98,159
DA:102,45
DA:103,45
DA:108,45000
DA:112,45000
DA:114,45000
DA:115,0
DA:117,45000
DA:119,45000
DA:120,45000
DA:121,204000
DA:123,159000
DA:124,96000
DA:125,159000
DA:126,159000
DA:129,45000
DA:130,45000
DA:135,45000
DA:137,45000
DA:139,45000
DA:141,0
DA:142,0
DA:145,45000
DA:147,2
DA:148,2
DA:149,2
DA:152,45000
DA:153,45000
DA:158,1
DA:160,1
DA:162,1
DA:163,1
DA:165,1
DA:166,1
DA:171,3
DA:175,3
DA:178,3
DA:179,3
DA:180,3
DA:182,3
DA:183,30
DA:185,27
DA:186,27
DA:187,27
DA:190,3
DA:191,3
DA:196,2
DA:198,2
DA:200,2
DA:201,2
DA:204,2
DA:205,2
DA:210,90
DA:214,90
DA:216,180
DA:217,90
DA:218,90
DA:219,90
DA:222,90
DA:223,90
LF:102
LH:98
end_of_record
SF:/home/pli/workspace/C/dsaaa/src/chapter_2_19.c
FN:10,chapt_2_19
FN:25,dochapt_2_19
FN:67,print_prin_title
FN:80,print_prin_report
FN:109,data_init
FN:122,print_raw_data
FN:141,principle_element
FN:167,principle_element_iter
FN:214,isprinciple
FNDA:1,chapt_2_19
FNDA:1,dochapt_2_19
FNDA:2,print_prin_title
FNDA:56,print_prin_report
FNDA:1,data_init
FNDA:2,print_raw_data
FNDA:280000,principle_element
FNDA:740000,principle_element_iter
FNDA:130000,isprinciple
FNF:9
FNH:9
BRDA:49,0,0,28
BRDA:49,0,1,1
BRDA:54,1,2,279972
BRDA:54,1,3,28
BRDA:87,9999,0,14
BRDA:87,9999,1,42
BRDA:87,9999,2,0
BRDA:114,0,0,128
BRDA:114,0,1,1
BRDA:129,0,0,256
BRDA:129,0,1,2
BRDA:132,9999,0,16
BRDA:132,9999,1,240
BRDA:149,9999,0,0
BRDA:149,9999,1,280000
BRDA:158,9999,0,130000
BRDA:158,9999,1,150000
BRDA:177,9999,0,150000
BRDA:177,9999,1,590000
BRDA:182,0,0,130000
BRDA:182,0,1,460000
BRDA:192,1,0,4210000
BRDA:192,1,1,460000
BRDA:194,0,0,1360000
BRDA:194,0,1,2850000
BRDA:199,0,0,140000
BRDA:199,0,1,320000
BRDA:200,0,0,30000
BRDA:200,0,1,110000
BRDA:222,0,0,2710000
BRDA:222,0,1,130000
BRDA:224,0,0,1230000
BRDA:224,0,1,1480000
BRDA:229,9999,0,70000
BRDA:229,9999,1,60000
BRF:35
BRH:33
DA:10,1
DA:12,1
DA:14,1
DA:15,1
DA:17,1
DA:19,1
DA:20,1
DA:25,1
DA:31,1
DA:35,1
DA:37,1
DA:38,1
DA:40,1
DA:42,1
DA:43,1
DA:44,1
DA:45,1
DA:47,1
DA:48,1
DA:49,29
DA:51,28
DA:52,28
DA:53,28
DA:54,280000
DA:56,28
DA:57,28
DA:58,28
DA:61,1
DA:62,1
DA:63,1
DA:67,2
DA:69,2
DA:71,2
DA:72,2
DA:75,2
DA:76,2
DA:80,56
DA:85,56
DA:87,56
DA:90,14
DA:91,14
DA:93,42
DA:94,42
DA:96,0
DA:97,0
DA:98,0
DA:100,56
DA:101,56
DA:102,56
DA:104,56
DA:105,56
DA:109,1
DA:111,1
DA:112,1
DA:114,129
DA:115,128
DA:117,1
DA:118,1
DA:122,2
DA:125,2
DA:127,2
DA:128,2
DA:129,258
DA:131,256
DA:132,256
DA:133,16
DA:136,2
DA:137,2
DA:141,280000
DA:147,280000
DA:149,280000
DA:150,0
DA:152,280000
DA:153,280000
DA:154,280000
DA:156,280000
DA:157,280000
DA:158,280000
DA:160,280000
DA:161,280000
DA:162,280000
DA:163,280000
DA:167,740000
DA:173,740000
DA:177,740000
DA:179,150000
DA:180,150000
DA:182,590000
DA:184,130000
DA:185,130000
DA:188,460000
DA:189,460000
DA:190,460000
DA:191,460000
DA:192,4670000
DA:194,4210000
DA:195,1360000
DA:196,4210000
DA:199,460000
DA:200,140000
DA:201,30000
DA:203,460000
DA:204,460000
DA:209,740000
DA:210,740000
DA:214,130000
DA:218,130000
DA:220,130000
DA:221,130000
DA:222,2840000
DA:224,2710000
DA:225,1230000
DA:228,130000
DA:229,130000
LF:114
LH:110
end_of_record
SF:/home/pli/workspace/C/dsaaa/src/chapter_2_7.c
FN:10,chapt_2_7
FN:30,dochapt_2_7
FN:59,random_sequence
FN:93,expected_init
FN:121,print_random_title
FN:133,print_random_report
FN:147,generate_random
FN:201,repeat_assist_init
FN:232,repeat_assist_clear
FN:255,isrepeated_util
FN:280,isrepeated_used
FN:304,random_swap
FNDA:1,chapt_2_7
FNDA:3,dochapt_2_7
FNDA:21,random_sequence
FNDA:21,expected_init
FNDA:2,print_random_title
FNDA:42,print_random_report
FNDA:2100,generate_random
FNDA:2100,repeat_assist_init
FNDA:2100,repeat_assist_clear
FNDA:2017002,isrepeated_util
FNDA:2002048,isrepeated_used
FNDA:700,random_swap
FNF:12
FNH:12
BRDA:21,0,0,3
BRDA:21,0,1,1
BRDA:47,0,0,21
BRDA:47,0,1,3
BRDA:66,9999,0,0
BRDA:66,9999,1,21
BRDA:81,1,1,2100
BRDA:81,1,2,21
BRDA:99,9999,0,7
BRDA:99,9999,1,7
BRDA:99,9999,2,7
BRDA:99,9999,3,0
BRDA:158,9999,0,1400
BRDA:158,9999,1,700
BRDA:158,9999,2,0
BRDA:163,1,0,562000
BRDA:163,1,1,1400
BRDA:168,9999,0,2017002
BRDA:168,9999,1,2002048
BRDA:168,9999,2,0
BRDA:168,9999,3,0
BRDA:180,0,0,562000
BRDA:180,0,1,3457050
BRDA:208,9999,0,700
BRDA:208,9999,1,700
BRDA:208,9999,2,700
BRDA:208,9999,3,0
BRDA:215,0,0,281000
BRDA:215,0,1,700
BRDA:219,1,0,281000
BRDA:219,1,1,700
BRDA:236,9999,0,700
BRDA:236,9999,1,700
BRDA:236,9999,2,700
BRDA:236,9999,3,0
BRDA:261,9999,0,0
BRDA:261,9999,1,2017002
BRDA:266,1,0,791700954
BRDA:266,1,1,281000
BRDA:268,0,0,1736002
BRDA:268,0,1,789964952
BRDA:285,9999,0,281000
BRDA:285,9999,1,1721048
BRDA:285,9999,2,0
BRDA:312,0,0,280300
BRDA:312,0,1,700
BRF:46
BRH:37
DA:10,1
DA:13,1
DA:15,1
DA:16,1
DA:17,1
DA:18,1
DA:20,1
DA:21,4
DA:22,3
DA:24,1
DA:25,1
DA:30,3
DA:32,3
DA:42,3
DA:44,3
DA:46,3
DA:47,24
DA:49,21
DA:50,21
DA:53,3
DA:54,3
DA:59,21
DA:64,21
DA:66,21
DA:67,0
DA:69,21
DA:70,21
DA:71,21
DA:72,21
DA:73,21
DA:75,21
DA:76,21
DA:79,21
DA:80,21
DA:81,2121
DA:82,21
DA:84,21
DA:85,21
DA:86,21
DA:88,21
DA:89,21
DA:93,21
DA:97,21
DA:99,21
DA:102,7
DA:103,7
DA:105,7
DA:106,7
DA:108,7
DA:109,7
DA:111,0
DA:112,0
DA:114,21
DA:116,21
DA:117,21
DA:121,2
DA:123,2
DA:125,2
DA:128,2
DA:129,2
DA:133,42
DA:135,42
DA:137,42
DA:139,42
DA:140,42
DA:142,42
DA:143,42
DA:147,2100
DA:153,2100
DA:155,2100
DA:156,2100
DA:158,2100
DA:162,1400
DA:163,563400
DA:167,4019050
DA:168,4019050
DA:171,2017002
DA:172,2017002
DA:173,2017002
DA:175,2002048
DA:176,2002048
DA:178,0
DA:180,4019050
DA:181,562000
DA:182,3457050
DA:183,562000
DA:185,1400
DA:187,700
DA:188,700
DA:190,0
DA:191,0
DA:194,2100
DA:196,2100
DA:197,2100
DA:201,2100
DA:205,2100
DA:207,2100
DA:208,2100
DA:211,700
DA:213,700
DA:215,281700
DA:216,281000
DA:217,700
DA:219,281700
DA:220,281000
DA:221,700
DA:223,0
DA:224,0
DA:227,2100
DA:228,2100
DA:232,2100
DA:234,2100
DA:236,2100
DA:239,700
DA:241,700
DA:242,700
DA:244,700
DA:246,0
DA:247,0
DA:250,2100
DA:251,2100
DA:255,2017002
DA:259,2017002
DA:261,2017002
DA:262,0
DA:264,2017002
DA:265,2017002
DA:266,791981954
DA:268,791700954
DA:270,1736002
DA:271,1736002
DA:275,2017002
DA:276,2017002
DA:280,2002048
DA:283,2002048
DA:285,2002048
DA:288,281000
DA:289,281000
DA:290,281000
DA:292,1721048
DA:293,1721048
DA:295,0
DA:296,0
DA:299,2002048
DA:300,2002048
DA:304,700
DA:308,700
DA:310,700
DA:311,700
DA:312,281000
DA:314,280300
DA:315,280300
DA:318,700
DA:319,700
LF:154
LH:141
end_of_record
